<?xml version="1.0" encoding="UTF-8"?>
<testng-results ignored="0" total="5" passed="5" failed="0" skipped="0">
  <reporter-output>
  </reporter-output>
  <suite started-at="2025-02-21T05:17:03 IST" name="All Test Suite" finished-at="2025-02-21T05:17:57 IST" duration-ms="53505">
    <groups>
    </groups>
    <test started-at="2025-02-21T05:17:03 IST" name="ErrorValidationTests" finished-at="2025-02-21T05:17:25 IST" duration-ms="21976">
      <class name="vijayFramework.Tests.LoginErrorValidation">
        <test-method is-config="true" signature="launchApplication()[pri:0, instance:vijayFramework.Tests.LoginErrorValidation@1040be71]" started-at="2025-02-21T05:17:03 IST" name="launchApplication" finished-at="2025-02-21T05:17:10 IST" duration-ms="6657" status="PASS">
          <reporter-output>
          </reporter-output>
        </test-method> <!-- launchApplication -->
        <test-method signature="addProductMultipleTestsInSameClass()[pri:0, instance:vijayFramework.Tests.LoginErrorValidation@1040be71]" started-at="2025-02-21T05:17:10 IST" name="addProductMultipleTestsInSameClass" finished-at="2025-02-21T05:17:19 IST" duration-ms="9654" status="PASS">
          <reporter-output>
          </reporter-output>
        </test-method> <!-- addProductMultipleTestsInSameClass -->
        <test-method is-config="true" signature="tearDown()[pri:0, instance:vijayFramework.Tests.LoginErrorValidation@1040be71]" started-at="2025-02-21T05:17:20 IST" name="tearDown" finished-at="2025-02-21T05:17:21 IST" duration-ms="1808" status="PASS">
          <reporter-output>
          </reporter-output>
        </test-method> <!-- tearDown -->
        <test-method is-config="true" signature="launchApplication()[pri:0, instance:vijayFramework.Tests.LoginErrorValidation@1040be71]" started-at="2025-02-21T05:17:21 IST" name="launchApplication" finished-at="2025-02-21T05:17:24 IST" duration-ms="2156" status="PASS">
          <reporter-output>
          </reporter-output>
        </test-method> <!-- launchApplication -->
        <test-method signature="addProduct()[pri:0, instance:vijayFramework.Tests.LoginErrorValidation@1040be71]" started-at="2025-02-21T05:17:24 IST" name="addProduct" finished-at="2025-02-21T05:17:25 IST" depends-on-methods="vijayFramework.Tests.LoginErrorValidation.addProductMultipleTestsInSameClass" duration-ms="1003" status="PASS">
          <reporter-output>
          </reporter-output>
        </test-method> <!-- addProduct -->
        <test-method is-config="true" signature="tearDown()[pri:0, instance:vijayFramework.Tests.LoginErrorValidation@1040be71]" started-at="2025-02-21T05:17:25 IST" name="tearDown" finished-at="2025-02-21T05:17:25 IST" duration-ms="244" status="PASS">
          <reporter-output>
          </reporter-output>
        </test-method> <!-- tearDown -->
      </class> <!-- vijayFramework.Tests.LoginErrorValidation -->
    </test> <!-- ErrorValidationTests -->
    <test started-at="2025-02-21T05:17:25 IST" name="E2EValidationTests" finished-at="2025-02-21T05:17:57 IST" duration-ms="31206">
      <class name="vijayFramework.Tests.StandAloneTestModified">
        <test-method is-config="true" signature="launchApplication()[pri:0, instance:vijayFramework.Tests.StandAloneTestModified@24c1b2d2]" started-at="2025-02-21T05:17:25 IST" name="launchApplication" finished-at="2025-02-21T05:17:31 IST" duration-ms="5176" status="PASS">
          <reporter-output>
          </reporter-output>
        </test-method> <!-- launchApplication -->
        <test-method signature="ZaddProduct(java.util.HashMap)[pri:0, instance:vijayFramework.Tests.StandAloneTestModified@24c1b2d2]" started-at="2025-02-21T05:17:31 IST" name="ZaddProduct" data-provider="getData" finished-at="2025-02-21T05:17:40 IST" duration-ms="9373" status="PASS">
          <params>
            <param index="0">
              <value>
                <![CDATA[{password=Merlin@01Magic, username=yd276vijay@gmail.com}]]>
              </value>
            </param>
          </params>
          <reporter-output>
          </reporter-output>
        </test-method> <!-- ZaddProduct -->
        <test-method is-config="true" signature="tearDown()[pri:0, instance:vijayFramework.Tests.StandAloneTestModified@24c1b2d2]" started-at="2025-02-21T05:17:40 IST" name="tearDown" finished-at="2025-02-21T05:17:40 IST" duration-ms="170" status="PASS">
          <reporter-output>
          </reporter-output>
        </test-method> <!-- tearDown -->
        <test-method is-config="true" signature="launchApplication()[pri:0, instance:vijayFramework.Tests.StandAloneTestModified@24c1b2d2]" started-at="2025-02-21T05:17:40 IST" name="launchApplication" finished-at="2025-02-21T05:17:44 IST" duration-ms="3857" status="PASS">
          <reporter-output>
          </reporter-output>
        </test-method> <!-- launchApplication -->
        <test-method signature="ZaddProduct(java.util.HashMap)[pri:0, instance:vijayFramework.Tests.StandAloneTestModified@24c1b2d2]" started-at="2025-02-21T05:17:44 IST" name="ZaddProduct" data-provider="getData" finished-at="2025-02-21T05:17:53 IST" duration-ms="9137" status="PASS">
          <params>
            <param index="0">
              <value>
                <![CDATA[{password=Merlin@01Magic, username=yd276vijay@gmail.com}]]>
              </value>
            </param>
          </params>
          <reporter-output>
          </reporter-output>
        </test-method> <!-- ZaddProduct -->
        <test-method is-config="true" signature="tearDown()[pri:0, instance:vijayFramework.Tests.StandAloneTestModified@24c1b2d2]" started-at="2025-02-21T05:17:54 IST" name="tearDown" finished-at="2025-02-21T05:17:54 IST" duration-ms="141" status="PASS">
          <reporter-output>
          </reporter-output>
        </test-method> <!-- tearDown -->
        <test-method is-config="true" signature="launchApplication()[pri:0, instance:vijayFramework.Tests.StandAloneTestModified@24c1b2d2]" started-at="2025-02-21T05:17:54 IST" name="launchApplication" finished-at="2025-02-21T05:17:56 IST" duration-ms="1964" status="PASS">
          <reporter-output>
          </reporter-output>
        </test-method> <!-- launchApplication -->
        <test-method signature="OrderConfirmation()[pri:0, instance:vijayFramework.Tests.StandAloneTestModified@24c1b2d2]" started-at="2025-02-21T05:17:56 IST" name="OrderConfirmation" finished-at="2025-02-21T05:17:56 IST" depends-on-methods="vijayFramework.Tests.StandAloneTestModified.ZaddProduct" duration-ms="536" status="PASS">
          <reporter-output>
          </reporter-output>
        </test-method> <!-- OrderConfirmation -->
        <test-method is-config="true" signature="tearDown()[pri:0, instance:vijayFramework.Tests.StandAloneTestModified@24c1b2d2]" started-at="2025-02-21T05:17:56 IST" name="tearDown" finished-at="2025-02-21T05:17:57 IST" duration-ms="157" status="PASS">
          <reporter-output>
          </reporter-output>
        </test-method> <!-- tearDown -->
      </class> <!-- vijayFramework.Tests.StandAloneTestModified -->
    </test> <!-- E2EValidationTests -->
  </suite> <!-- All Test Suite -->
</testng-results>
