<?xml version="1.0" encoding="UTF-8"?>
<!-- Generated by org.testng.reporters.JUnitXMLReporter -->
<testsuite ignored="0" hostname="EPINPUNW04EC" failures="0" tests="3" name="E2EValidationTests" time="31.206" errors="0" timestamp="2025-02-21T05:17:57 IST">
  <testcase classname="vijayFramework.Tests.StandAloneTestModified" name="ZaddProduct" time="9.373"/>
  <testcase classname="vijayFramework.Tests.StandAloneTestModified" name="ZaddProduct" time="9.137"/>
  <testcase classname="vijayFramework.Tests.StandAloneTestModified" name="OrderConfirmation" time="0.536"/>
</testsuite> <!-- E2EValidationTests -->
