<?xml version="1.0" encoding="UTF-8"?>
<!-- Generated by org.testng.reporters.JUnitXMLReporter -->
<testsuite ignored="0" hostname="EPINPUNW04EC" failures="0" tests="2" name="ErrorValidationTests" time="21.976" errors="0" timestamp="2025-02-21T05:17:25 IST">
  <testcase classname="vijayFramework.Tests.LoginErrorValidation" name="addProductMultipleTestsInSameClass" time="9.654"/>
  <testcase classname="vijayFramework.Tests.LoginErrorValidation" name="addProduct" time="1.003"/>
</testsuite> <!-- ErrorValidationTests -->
